Unity Editor version:    2020.3.33f1 (915a7af8b0d5)
Branch:                  2020.3/staging
Build type:              Release
Batch mode:              YES
macOS version:           Version 12.0.1 (Build 21A559)
Darwin version:          21.1.0
Architecture:            x86_64
Running under Rosetta:   NO
Available memory:        16384 MB
Using pre-set license
Pro License: NO

COMMAND LINE ARGUMENTS:
/Applications/Unity/Hub/Editor/2020.3.33f1/Unity.app/Contents/MacOS/Unity
-adb2
-batchMode
-noUpm
-name
AssetImportWorker0
-projectPath
/Users/keemominmac2/color blindness
-logFile
Logs/AssetImportWorker0.log
-srvPort
53760
Successfully changed project path to: /Users/keemominmac2/color blindness
/Users/keemominmac2/color blindness
Using Asset Import Pipeline V2.
Refreshing native plugins compatible for Editor in 93.23 ms, found 2 plugins.
Preloading 0 native plugins for Editor in 0.00 ms.
Initialize engine version: 2020.3.33f1 (915a7af8b0d5)
[Subsystems] Discovering subsystems at path /Applications/Unity/Hub/Editor/2020.3.33f1/Unity.app/Contents/Resources/UnitySubsystems
[Subsystems] Discovering subsystems at path /Users/keemominmac2/color blindness/Assets
GfxDevice: creating device client; threaded=0
2022-07-27 15:40:50.716 Unity[75925:767716] Color LCD preferred device: AMD Radeon Pro 555X (high power)
2022-07-27 15:40:50.716 Unity[75925:767716] Metal devices available: 2
2022-07-27 15:40:50.716 Unity[75925:767716] 0: AMD Radeon Pro 555X (high power)
2022-07-27 15:40:50.716 Unity[75925:767716] 1: Intel(R) UHD Graphics 630 (low power)
2022-07-27 15:40:50.716 Unity[75925:767716] Using device AMD Radeon Pro 555X (high power)
Initializing Metal device caps: AMD Radeon Pro 555X
Initialize mono
Mono path[0] = '/Applications/Unity/Hub/Editor/2020.3.33f1/Unity.app/Contents/Managed'
Mono path[1] = '/Applications/Unity/Hub/Editor/2020.3.33f1/Unity.app/Contents/MonoBleedingEdge/lib/mono/unityjit'
Mono config path = '/Applications/Unity/Hub/Editor/2020.3.33f1/Unity.app/Contents/MonoBleedingEdge/etc'
Using monoOptions --debugger-agent=transport=dt_socket,embedding=1,server=y,suspend=n,address=127.0.0.1:56925
Begin MonoManager ReloadAssembly
Registering precompiled unity dll's ...
Register platform support module: /Applications/Unity/Hub/Editor/2020.3.33f1/Unity.app/Contents/PlaybackEngines/MacStandaloneSupport/UnityEditor.OSXStandalone.Extensions.dll
Registered in 0.003141 seconds.
Native extension for OSXStandalone target not found
Refreshing native plugins compatible for Editor in 76.91 ms, found 2 plugins.
Preloading 0 native plugins for Editor in 0.00 ms.
Mono: successfully reloaded assembly
- Completed reload, in  0.715 seconds
Domain Reload Profiling:
	ReloadAssembly (715ms)
		BeginReloadAssembly (103ms)
			ExecutionOrderSort (0ms)
			DisableScriptedObjects (0ms)
			BackupInstance (0ms)
			ReleaseScriptingObjects (0ms)
			CreateAndSetChildDomain (1ms)
		EndReloadAssembly (531ms)
			LoadAssemblies (103ms)
			RebuildTransferFunctionScriptingTraits (1ms)
			SetupTypeCache (180ms)
			ReleaseScriptCaches (0ms)
			RebuildScriptCaches (35ms)
			SetupLoadedEditorAssemblies (224ms)
				LogAssemblyErrors (0ms)
				InitializePlatformSupportModulesInManaged (5ms)
				SetLoadedEditorAssemblies (0ms)
				RefreshPlugins (77ms)
				BeforeProcessingInitializeOnLoad (11ms)
				ProcessInitializeOnLoadAttributes (98ms)
				ProcessInitializeOnLoadMethodAttributes (31ms)
				AfterProcessingInitializeOnLoad (0ms)
				EditorAssembliesLoaded (0ms)
			ExecutionOrderSort2 (0ms)
			AwakeInstancesAfterBackupRestoration (0ms)
Platform modules already initialized, skipping
Registering precompiled user dll's ...
Registered in 0.007516 seconds.
Begin MonoManager ReloadAssembly
Symbol file LoadedFromMemory doesn't match image /Users/keemominmac2/color blindness/Library/PackageCache/com.unity.visualscripting@1.7.6/Editor/VisualScripting.Core/Dependencies/YamlDotNet/Unity.VisualScripting.YamlDotNet.dll
Symbol file LoadedFromMemory doesn't match image /Users/keemominmac2/color blindness/Library/PackageCache/com.unity.visualscripting@1.7.6/Editor/VisualScripting.Core/Dependencies/DotNetZip/Unity.VisualScripting.IonicZip.dll
Native extension for OSXStandalone target not found
Refreshing native plugins compatible for Editor in 0.49 ms, found 2 plugins.
Preloading 0 native plugins for Editor in 0.00 ms.
Mono: successfully reloaded assembly
- Completed reload, in  1.234 seconds
Domain Reload Profiling:
	ReloadAssembly (1235ms)
		BeginReloadAssembly (143ms)
			ExecutionOrderSort (0ms)
			DisableScriptedObjects (5ms)
			BackupInstance (0ms)
			ReleaseScriptingObjects (0ms)
			CreateAndSetChildDomain (20ms)
		EndReloadAssembly (1035ms)
			LoadAssemblies (108ms)
			RebuildTransferFunctionScriptingTraits (0ms)
			SetupTypeCache (408ms)
			ReleaseScriptCaches (0ms)
			RebuildScriptCaches (56ms)
			SetupLoadedEditorAssemblies (359ms)
				LogAssemblyErrors (0ms)
				InitializePlatformSupportModulesInManaged (4ms)
				SetLoadedEditorAssemblies (1ms)
				RefreshPlugins (1ms)
				BeforeProcessingInitializeOnLoad (89ms)
				ProcessInitializeOnLoadAttributes (250ms)
				ProcessInitializeOnLoadMethodAttributes (13ms)
				AfterProcessingInitializeOnLoad (1ms)
				EditorAssembliesLoaded (0ms)
			ExecutionOrderSort2 (0ms)
			AwakeInstancesAfterBackupRestoration (7ms)
Platform modules already initialized, skipping
Validating Project structure ... 0.005944 seconds.
Shader import version has changed; will reimport all shaders...
Upgrading shader files ...0.007877 seconds.
Application.AssetDatabase Initial Script Refresh Start
RefreshInfo: InitialScriptRefreshV2(NoUpdateAssetOptions) scanfilter:  ... 1 filters
RefreshProfiler: Total: 0.000ms
Application.AssetDatabase Initial Script Refresh End
Application.AssetDatabase.Refresh Start
Application.AssetDatabase.Refresh End
RefreshInfo: StopAssetImportingV2(ForceSynchronousImport) scanfilter: 
RefreshProfiler: Total: 0.000ms
Launching external process: /Applications/Unity/Hub/Editor/2020.3.33f1/Unity.app/Contents/Tools/UnityShaderCompiler
Launched and connected shader compiler UnityShaderCompiler after 0.19 seconds
Initializing Unity extensions:
2022-07-27 15:40:55.075 Unity[75925:767716] NSEventModifierFlagFunction specified to -setKeyEquivalentModifierMask: for item <NSMenuItem: 0x60000117ff00 Font Asset, ke='Command-F12'>, but is only supported for system-provided menu items; will not be used
2022-07-27 15:40:55.080 Unity[75925:767716] NSEventModifierFlagFunction specified to -setKeyEquivalentModifierMask: for item <NSMenuItem: 0x60000118fb10 Font Asset, ke='Command-F12'>, but is only supported for system-provided menu items; will not be used
========================================================================
Worker process is ready to serve import requests
Refreshing native plugins compatible for Editor in 0.49 ms, found 2 plugins.
Preloading 0 native plugins for Editor in 0.00 ms.
Unloading 3105 Unused Serialized files (Serialized files now loaded: 0)
System memory in use before: 262.4 MB.
System memory in use after: 261.6 MB.

Unloading 133 unused Assets to reduce memory usage. Loaded Objects now: 3577.
Total: 3.362400 ms (FindLiveObjects: 0.242184 ms CreateObjectMapping: 0.138142 ms MarkObjects: 2.497260 ms  DeleteObjects: 0.484222 ms)

AssetImportParameters requested are different than current active one (requested -> active):
  custom:video-decoder-ogg-theora: a1e56fd34408186e4bbccfd4996cb3dc -> 
  custom:container-muxer-webm: aa71ff27fc2769a1b78a27578f13a17b -> 
  custom:container-demuxer-webm: 4f35f7cbe854078d1ac9338744f61a02 -> 
  custom:container-demuxer-ogg: 62fdf1f143b41e24485cea50d1cbac27 -> 
  custom:video-encoder-webm-vp8: eb34c28f22e8b96e1ab97ce403110664 -> 
  custom:framework-osx-AVFoundation: e770b220cccbd017edd2c1fefb359320 -> 
  custom:video-decoder-webm-vp8: 9c59270c3fd7afecdb556c50c9e8de78 -> 
  custom:audio-decoder-ogg-vorbis: bf7c407c2cedff20999df2af8eb42d56 -> 
  custom:audio-encoder-webm-vorbis: bf7c407c2cedff20999df2af8eb42d56 -> 
========================================================================
Received Import Request.
  path: Assets/Scenes
  artifactKey: Guid(6ea315d0fd7389c41b19996891e99ae3) Importer(815301076,1909f56bfc062723c751e8b465ee728b)
Start importing Assets/Scenes using Guid(6ea315d0fd7389c41b19996891e99ae3) Importer(815301076,1909f56bfc062723c751e8b465ee728b)  -> (artifact id: '9168112a17b07f3ee034ca0d2dc1544d') in 0.005110 seconds 
========================================================================
Received Import Request.
  Time since last request: 0.000247 seconds.
  path: Assets/Scenes/town.unity
  artifactKey: Guid(9fc0d4010bbf28b4594072e72b8655ab) Importer(815301076,1909f56bfc062723c751e8b465ee728b)
Start importing Assets/Scenes/town.unity using Guid(9fc0d4010bbf28b4594072e72b8655ab) Importer(815301076,1909f56bfc062723c751e8b465ee728b)  -> (artifact id: 'b330daff1d99d82a64aa28377d97cd5e') in 0.001221 seconds 
========================================================================
Received Import Request.
  Time since last request: 33.678460 seconds.
  path: Assets/Building FastFood Drinks/Textures
  artifactKey: Guid(5cfb17e10207a824da68faa4b2370565) Importer(815301076,1909f56bfc062723c751e8b465ee728b)
Start importing Assets/Building FastFood Drinks/Textures using Guid(5cfb17e10207a824da68faa4b2370565) Importer(815301076,1909f56bfc062723c751e8b465ee728b)  -> (artifact id: 'f37e7bc77da52e8a7b046d317cb4593a') in 0.001524 seconds 
========================================================================
Received Import Request.
  Time since last request: 78.159772 seconds.
  path: Assets/Scenes/market.unity
  artifactKey: Guid(8d58bbc13319e4c539fb734b7432c7b8) Importer(815301076,1909f56bfc062723c751e8b465ee728b)
Start importing Assets/Scenes/market.unity using Guid(8d58bbc13319e4c539fb734b7432c7b8) Importer(815301076,1909f56bfc062723c751e8b465ee728b)  -> (artifact id: '5558ec4e559c2ee11281710d1562e72f') in 0.001852 seconds 
========================================================================
Received Import Request.
  Time since last request: 1172.480001 seconds.
  path: Assets/Scenes/market.unity
  artifactKey: Guid(8d58bbc13319e4c539fb734b7432c7b8) Importer(815301076,1909f56bfc062723c751e8b465ee728b)
Start importing Assets/Scenes/market.unity using Guid(8d58bbc13319e4c539fb734b7432c7b8) Importer(815301076,1909f56bfc062723c751e8b465ee728b)  -> (artifact id: 'cb200bb5987330207050b687fb02ee82') in 0.001429 seconds 
========================================================================
Received Import Request.
  Time since last request: 44.992840 seconds.
  path: Assets/Building FastFood Drinks/Materials
  artifactKey: Guid(3c4de3f7b74cd6f41b1c483729ef0067) Importer(815301076,1909f56bfc062723c751e8b465ee728b)
Start importing Assets/Building FastFood Drinks/Materials using Guid(3c4de3f7b74cd6f41b1c483729ef0067) Importer(815301076,1909f56bfc062723c751e8b465ee728b)  -> (artifact id: '14819e08ed65de8f3d22d31c368becf8') in 0.002857 seconds 
========================================================================
Received Import Request.
  Time since last request: 88.006408 seconds.
  path: Assets/Plugins
  artifactKey: Guid(4f5ff677e7e3b44fa9ac65a5774e63f5) Importer(815301076,1909f56bfc062723c751e8b465ee728b)
Start importing Assets/Plugins using Guid(4f5ff677e7e3b44fa9ac65a5774e63f5) Importer(815301076,1909f56bfc062723c751e8b465ee728b)  -> (artifact id: '154bee0c73d28cdb299fd853292a490b') in 0.001905 seconds 
========================================================================
Received Import Request.
  Time since last request: 0.412070 seconds.
  path: Assets/NewSurfaceShader.shader
  artifactKey: Guid(5311f2461fcf1462bb759bb4d3bb4bc7) Importer(815301076,1909f56bfc062723c751e8b465ee728b)
Start importing Assets/NewSurfaceShader.shader using Guid(5311f2461fcf1462bb759bb4d3bb4bc7) Importer(815301076,1909f56bfc062723c751e8b465ee728b)  -> (artifact id: '9fb6e92251087c49d4ac7b29264ef57e') in 0.794094 seconds 
AssetImportWorkerClient::OnTransportError - code=2 error=End of file
